\BOOKMARK [0][-]{chapter.1}{\376\377\000C\000h\000a\000r\000t\000:\000:\000B\000a\000s\000e}{}
\BOOKMARK [0][-]{chapter.2}{\376\377\000C\000l\000a\000s\000s\000\040\000I\000n\000d\000e\000x}{}
\BOOKMARK [1][-]{section.2.1}{\376\377\000C\000l\000a\000s\000s\000\040\000H\000i\000e\000r\000a\000r\000c\000h\000y}{chapter.2}
\BOOKMARK [0][-]{chapter.3}{\376\377\000C\000l\000a\000s\000s\000\040\000I\000n\000d\000e\000x}{}
\BOOKMARK [1][-]{section.3.1}{\376\377\000C\000l\000a\000s\000s\000\040\000L\000i\000s\000t}{chapter.3}
\BOOKMARK [0][-]{chapter.4}{\376\377\000F\000i\000l\000e\000\040\000I\000n\000d\000e\000x}{}
\BOOKMARK [1][-]{section.4.1}{\376\377\000F\000i\000l\000e\000\040\000L\000i\000s\000t}{chapter.4}
\BOOKMARK [0][-]{chapter.5}{\376\377\000C\000l\000a\000s\000s\000\040\000D\000o\000c\000u\000m\000e\000n\000t\000a\000t\000i\000o\000n}{}
\BOOKMARK [1][-]{section.5.1}{\376\377\000C\000h\000a\000r\000t\000:\000:\000B\000a\000r\000s\000\040\000C\000l\000a\000s\000s\000\040\000R\000e\000f\000e\000r\000e\000n\000c\000e}{chapter.5}
\BOOKMARK [2][-]{subsection.5.1.1}{\376\377\000D\000e\000t\000a\000i\000l\000e\000d\000\040\000D\000e\000s\000c\000r\000i\000p\000t\000i\000o\000n}{section.5.1}
\BOOKMARK [1][-]{section.5.2}{\376\377\000C\000h\000a\000r\000t\000:\000:\000B\000a\000s\000e\000\040\000C\000l\000a\000s\000s\000\040\000R\000e\000f\000e\000r\000e\000n\000c\000e}{chapter.5}
\BOOKMARK [2][-]{subsection.5.2.1}{\376\377\000D\000e\000t\000a\000i\000l\000e\000d\000\040\000D\000e\000s\000c\000r\000i\000p\000t\000i\000o\000n}{section.5.2}
\BOOKMARK [2][-]{subsection.5.2.2}{\376\377\000M\000e\000m\000b\000e\000r\000\040\000F\000u\000n\000c\000t\000i\000o\000n\000\040\000D\000o\000c\000u\000m\000e\000n\000t\000a\000t\000i\000o\000n}{section.5.2}
\BOOKMARK [3][-]{subsubsection.5.2.2.1}{\376\377\000n\000e\000w}{subsection.5.2.2}
\BOOKMARK [3][-]{subsubsection.5.2.2.2}{\376\377\000s\000e\000t}{subsection.5.2.2}
\BOOKMARK [3][-]{subsubsection.5.2.2.3}{\376\377\000g\000e\000t\000o\000p\000t\000s}{subsection.5.2.2}
\BOOKMARK [3][-]{subsubsection.5.2.2.4}{\376\377\000a\000d\000d\000\137\000p\000t}{subsection.5.2.2}
\BOOKMARK [3][-]{subsubsection.5.2.2.5}{\376\377\000a\000d\000d\000\137\000p\000t}{subsection.5.2.2}
\BOOKMARK [3][-]{subsubsection.5.2.2.6}{\376\377\000a\000d\000d\000\137\000d\000a\000t\000a\000s\000e\000t}{subsection.5.2.2}
\BOOKMARK [3][-]{subsubsection.5.2.2.7}{\376\377\000a\000d\000d\000\137\000d\000a\000t\000a\000s\000e\000t}{subsection.5.2.2}
\BOOKMARK [3][-]{subsubsection.5.2.2.8}{\376\377\000a\000d\000d\000\137\000d\000a\000t\000a\000f\000i\000l\000e}{subsection.5.2.2}
\BOOKMARK [3][-]{subsubsection.5.2.2.9}{\376\377\000c\000l\000e\000a\000r\000\137\000d\000a\000t\000a}{subsection.5.2.2}
\BOOKMARK [3][-]{subsubsection.5.2.2.10}{\376\377\000g\000e\000t\000\137\000d\000a\000t\000a}{subsection.5.2.2}
\BOOKMARK [3][-]{subsubsection.5.2.2.11}{\376\377\000p\000n\000g}{subsection.5.2.2}
\BOOKMARK [3][-]{subsubsection.5.2.2.12}{\376\377\000c\000g\000i\000\137\000p\000n\000g}{subsection.5.2.2}
\BOOKMARK [3][-]{subsubsection.5.2.2.13}{\376\377\000s\000c\000a\000l\000a\000r\000\137\000p\000n\000g}{subsection.5.2.2}
\BOOKMARK [3][-]{subsubsection.5.2.2.14}{\376\377\000j\000p\000e\000g}{subsection.5.2.2}
\BOOKMARK [3][-]{subsubsection.5.2.2.15}{\376\377\000c\000g\000i\000\137\000j\000p\000e\000g}{subsection.5.2.2}
\BOOKMARK [3][-]{subsubsection.5.2.2.16}{\376\377\000s\000c\000a\000l\000a\000r\000\137\000j\000p\000e\000g}{subsection.5.2.2}
\BOOKMARK [3][-]{subsubsection.5.2.2.17}{\376\377\000m\000a\000k\000e\000\137\000g\000d}{subsection.5.2.2}
\BOOKMARK [3][-]{subsubsection.5.2.2.18}{\376\377\000i\000m\000a\000g\000e\000m\000a\000p\000\137\000d\000u\000m\000p}{subsection.5.2.2}
\BOOKMARK [3][-]{subsubsection.5.2.2.19}{\376\377\000m\000i\000n\000i\000m\000u\000m}{subsection.5.2.2}
\BOOKMARK [3][-]{subsubsection.5.2.2.20}{\376\377\000m\000a\000x\000i\000m\000u\000m}{subsection.5.2.2}
\BOOKMARK [3][-]{subsubsection.5.2.2.21}{\376\377\000a\000r\000c\000c\000o\000s}{subsection.5.2.2}
\BOOKMARK [3][-]{subsubsection.5.2.2.22}{\376\377\000a\000r\000c\000s\000i\000n}{subsection.5.2.2}
\BOOKMARK [3][-]{subsubsection.5.2.2.23}{\376\377\000t\000r\000u\000e}{subsection.5.2.2}
\BOOKMARK [3][-]{subsubsection.5.2.2.24}{\376\377\000f\000a\000l\000s\000e}{subsection.5.2.2}
\BOOKMARK [3][-]{subsubsection.5.2.2.25}{\376\377\000\137\000i\000n\000i\000t}{subsection.5.2.2}
\BOOKMARK [3][-]{subsubsection.5.2.2.26}{\376\377\000\137\000c\000o\000p\000y\000\137\000d\000a\000t\000a}{subsection.5.2.2}
\BOOKMARK [3][-]{subsubsection.5.2.2.27}{\376\377\000\137\000c\000o\000l\000o\000r\000\137\000r\000o\000l\000e\000\137\000t\000o\000\137\000i\000n\000d\000e\000x}{subsection.5.2.2}
\BOOKMARK [3][-]{subsubsection.5.2.2.28}{\376\377\000\137\000c\000o\000l\000o\000r\000\137\000s\000p\000e\000c\000\137\000t\000o\000\137\000r\000g\000b}{subsection.5.2.2}
\BOOKMARK [3][-]{subsubsection.5.2.2.29}{\376\377\000\137\000d\000r\000a\000w\000\137\000s\000u\000b\000\137\000t\000i\000t\000l\000e}{subsection.5.2.2}
\BOOKMARK [3][-]{subsubsection.5.2.2.30}{\376\377\000\137\000s\000o\000r\000t\000\137\000d\000a\000t\000a}{subsection.5.2.2}
\BOOKMARK [3][-]{subsubsection.5.2.2.31}{\376\377\000\137\000f\000i\000n\000d\000\137\000x\000\137\000s\000c\000a\000l\000e}{subsection.5.2.2}
\BOOKMARK [3][-]{subsubsection.5.2.2.32}{\376\377\000\137\000f\000i\000n\000d\000\137\000y\000\137\000s\000c\000a\000l\000e}{subsection.5.2.2}
\BOOKMARK [3][-]{subsubsection.5.2.2.33}{\376\377\000\137\000c\000a\000l\000c\000T\000i\000c\000k\000I\000n\000t\000e\000r\000v\000a\000l}{subsection.5.2.2}
\BOOKMARK [3][-]{subsubsection.5.2.2.34}{\376\377\000\137\000c\000a\000l\000c\000X\000T\000i\000c\000k\000I\000n\000t\000e\000r\000v\000a\000l}{subsection.5.2.2}
\BOOKMARK [3][-]{subsubsection.5.2.2.35}{\376\377\000\137\000c\000o\000u\000n\000t\000T\000i\000c\000k\000s}{subsection.5.2.2}
\BOOKMARK [3][-]{subsubsection.5.2.2.36}{\376\377\000\137\000r\000o\000u\000n\000d\0002\000T\000i\000c\000k}{subsection.5.2.2}
\BOOKMARK [3][-]{subsubsection.5.2.2.37}{\376\377\000\137\000s\000e\000p\000F\000P}{subsection.5.2.2}
\BOOKMARK [3][-]{subsubsection.5.2.2.38}{\376\377\000\137\000f\000i\000n\000d\000\137\000y\000\137\000r\000a\000n\000g\000e}{subsection.5.2.2}
\BOOKMARK [3][-]{subsubsection.5.2.2.39}{\376\377\000\137\000f\000i\000n\000d\000\137\000x\000\137\000r\000a\000n\000g\000e}{subsection.5.2.2}
\BOOKMARK [3][-]{subsubsection.5.2.2.40}{\376\377\000\137\000p\000l\000o\000t}{subsection.5.2.2}
\BOOKMARK [3][-]{subsubsection.5.2.2.41}{\376\377\000\137\000d\000r\000a\000w\000\137\000l\000e\000g\000e\000n\000d}{subsection.5.2.2}
\BOOKMARK [3][-]{subsubsection.5.2.2.42}{\376\377\000\137\000d\000r\000a\000w\000\137\000b\000o\000t\000t\000o\000m\000\137\000l\000e\000g\000e\000n\000d}{subsection.5.2.2}
\BOOKMARK [3][-]{subsubsection.5.2.2.43}{\376\377\000\137\000d\000r\000a\000w\000\137\000r\000i\000g\000h\000t\000\137\000l\000e\000g\000e\000n\000d}{subsection.5.2.2}
\BOOKMARK [3][-]{subsubsection.5.2.2.44}{\376\377\000\137\000d\000r\000a\000w\000\137\000t\000o\000p\000\137\000l\000e\000g\000e\000n\000d}{subsection.5.2.2}
\BOOKMARK [3][-]{subsubsection.5.2.2.45}{\376\377\000\137\000d\000r\000a\000w\000\137\000l\000e\000f\000t\000\137\000l\000e\000g\000e\000n\000d}{subsection.5.2.2}
\BOOKMARK [3][-]{subsubsection.5.2.2.46}{\376\377\000\137\000d\000r\000a\000w\000\137\000n\000o\000n\000e\000\137\000l\000e\000g\000e\000n\000d}{subsection.5.2.2}
\BOOKMARK [3][-]{subsubsection.5.2.2.47}{\376\377\000\137\000d\000r\000a\000w\000\137\000x\000\137\000l\000a\000b\000e\000l}{subsection.5.2.2}
\BOOKMARK [3][-]{subsubsection.5.2.2.48}{\376\377\000\137\000d\000r\000a\000w\000\137\000y\000\137\000l\000a\000b\000e\000l}{subsection.5.2.2}
\BOOKMARK [3][-]{subsubsection.5.2.2.49}{\376\377\000\137\000d\000r\000a\000w\000\137\000t\000i\000c\000k\000s}{subsection.5.2.2}
\BOOKMARK [3][-]{subsubsection.5.2.2.50}{\376\377\000\137\000d\000r\000a\000w\000\137\000x\000\137\000n\000u\000m\000b\000e\000r\000\137\000t\000i\000c\000k\000s}{subsection.5.2.2}
\BOOKMARK [3][-]{subsubsection.5.2.2.51}{\376\377\000\137\000d\000r\000a\000w\000\137\000x\000\137\000t\000i\000c\000k\000s}{subsection.5.2.2}
\BOOKMARK [3][-]{subsubsection.5.2.2.52}{\376\377\000\137\000d\000r\000a\000w\000\137\000y\000\137\000t\000i\000c\000k\000s}{subsection.5.2.2}
\BOOKMARK [3][-]{subsubsection.5.2.2.53}{\376\377\000\137\000g\000r\000e\000y\000\137\000b\000a\000c\000k\000g\000r\000o\000u\000n\000d}{subsection.5.2.2}
\BOOKMARK [3][-]{subsubsection.5.2.2.54}{\376\377\000\137\000d\000r\000a\000w\000\137\000g\000r\000i\000d\000\137\000l\000i\000n\000e\000s}{subsection.5.2.2}
\BOOKMARK [3][-]{subsubsection.5.2.2.55}{\376\377\000\137\000d\000r\000a\000w\000\137\000x\000\137\000g\000r\000i\000d\000\137\000l\000i\000n\000e\000s}{subsection.5.2.2}
\BOOKMARK [3][-]{subsubsection.5.2.2.56}{\376\377\000\137\000d\000r\000a\000w\000\137\000y\000\137\000g\000r\000i\000d\000\137\000l\000i\000n\000e\000s}{subsection.5.2.2}
\BOOKMARK [3][-]{subsubsection.5.2.2.57}{\376\377\000\137\000d\000r\000a\000w\000\137\000y\0002\000\137\000g\000r\000i\000d\000\137\000l\000i\000n\000e\000s}{subsection.5.2.2}
\BOOKMARK [3][-]{subsubsection.5.2.2.58}{\376\377\000\137\000p\000r\000e\000p\000a\000r\000e\000\137\000b\000r\000u\000s\000h}{subsection.5.2.2}
\BOOKMARK [2][-]{subsection.5.2.3}{\376\377\000M\000e\000m\000b\000e\000r\000\040\000D\000a\000t\000a\000\040\000D\000o\000c\000u\000m\000e\000n\000t\000a\000t\000i\000o\000n}{section.5.2}
\BOOKMARK [3][-]{subsubsection.5.2.3.1}{\376\377\000n\000a\000m\000e\000d\000\137\000c\000o\000l\000o\000r\000s}{subsection.5.2.3}
\BOOKMARK [3][-]{subsubsection.5.2.3.2}{\376\377\000\137\000c\000h\000e\000c\000k\000\137\000d\000a\000t\000a}{subsection.5.2.3}
\BOOKMARK [3][-]{subsubsection.5.2.3.3}{\376\377\000\137\000d\000r\000a\000w}{subsection.5.2.3}
\BOOKMARK [3][-]{subsubsection.5.2.3.4}{\376\377\000\137\000s\000e\000t\000\137\000c\000o\000l\000o\000r\000s}{subsection.5.2.3}
\BOOKMARK [3][-]{subsubsection.5.2.3.5}{\376\377\000\137\000d\000r\000a\000w\000\137\000t\000i\000t\000l\000e}{subsection.5.2.3}
\BOOKMARK [3][-]{subsubsection.5.2.3.6}{\376\377\000\137\000d\000e\000f\000a\000u\000l\000t\000\137\000f\000\137\000t\000i\000c\000k}{subsection.5.2.3}
\BOOKMARK [1][-]{section.5.3}{\376\377\000C\000h\000a\000r\000t\000:\000:\000B\000r\000u\000s\000h\000S\000t\000y\000l\000e\000s\000\040\000C\000l\000a\000s\000s\000\040\000R\000e\000f\000e\000r\000e\000n\000c\000e}{chapter.5}
\BOOKMARK [2][-]{subsection.5.3.1}{\376\377\000D\000e\000t\000a\000i\000l\000e\000d\000\040\000D\000e\000s\000c\000r\000i\000p\000t\000i\000o\000n}{section.5.3}
\BOOKMARK [2][-]{subsection.5.3.2}{\376\377\000M\000e\000m\000b\000e\000r\000\040\000D\000a\000t\000a\000\040\000D\000o\000c\000u\000m\000e\000n\000t\000a\000t\000i\000o\000n}{section.5.3}
\BOOKMARK [3][-]{subsubsection.5.3.2.1}{\376\377\000O\000p\000e\000n\000C\000i\000r\000c\000l\000e}{subsection.5.3.2}
\BOOKMARK [3][-]{subsubsection.5.3.2.2}{\376\377\000F\000i\000l\000l\000e\000d\000C\000i\000r\000c\000l\000e}{subsection.5.3.2}
\BOOKMARK [3][-]{subsubsection.5.3.2.3}{\376\377\000S\000t\000a\000r}{subsection.5.3.2}
\BOOKMARK [3][-]{subsubsection.5.3.2.4}{\376\377\000F\000i\000l\000l\000e\000d\000D\000i\000a\000m\000o\000n\000d}{subsection.5.3.2}
\BOOKMARK [3][-]{subsubsection.5.3.2.5}{\376\377\000O\000p\000e\000n\000D\000i\000a\000m\000o\000n\000d}{subsection.5.3.2}
\BOOKMARK [3][-]{subsubsection.5.3.2.6}{\376\377\000O\000p\000e\000n\000R\000e\000c\000t\000a\000n\000g\000l\000e}{subsection.5.3.2}
\BOOKMARK [1][-]{section.5.4}{\376\377\000C\000h\000a\000r\000t\000:\000:\000C\000o\000m\000p\000o\000s\000i\000t\000e\000\040\000C\000l\000a\000s\000s\000\040\000R\000e\000f\000e\000r\000e\000n\000c\000e}{chapter.5}
\BOOKMARK [2][-]{subsection.5.4.1}{\376\377\000D\000e\000t\000a\000i\000l\000e\000d\000\040\000D\000e\000s\000c\000r\000i\000p\000t\000i\000o\000n}{section.5.4}
\BOOKMARK [2][-]{subsection.5.4.2}{\376\377\000M\000e\000m\000b\000e\000r\000\040\000F\000u\000n\000c\000t\000i\000o\000n\000\040\000D\000o\000c\000u\000m\000e\000n\000t\000a\000t\000i\000o\000n}{section.5.4}
\BOOKMARK [3][-]{subsubsection.5.4.2.1}{\376\377\000s\000e\000t}{subsection.5.4.2}
\BOOKMARK [3][-]{subsubsection.5.4.2.2}{\376\377\000i\000m\000a\000g\000e\000m\000a\000p\000\137\000d\000u\000m\000p}{subsection.5.4.2}
\BOOKMARK [3][-]{subsubsection.5.4.2.3}{\376\377\000\137\000d\000r\000a\000w\000\137\000l\000e\000g\000e\000n\000d}{subsection.5.4.2}
\BOOKMARK [3][-]{subsubsection.5.4.2.4}{\376\377\000\137\000d\000r\000a\000w\000\137\000t\000o\000p\000\137\000l\000e\000g\000e\000n\000d}{subsection.5.4.2}
\BOOKMARK [3][-]{subsubsection.5.4.2.5}{\376\377\000\137\000d\000r\000a\000w\000\137\000r\000i\000g\000h\000t\000\137\000l\000e\000g\000e\000n\000d}{subsection.5.4.2}
\BOOKMARK [3][-]{subsubsection.5.4.2.6}{\376\377\000\137\000d\000r\000a\000w\000\137\000l\000e\000f\000t\000\137\000l\000e\000g\000e\000n\000d}{subsection.5.4.2}
\BOOKMARK [3][-]{subsubsection.5.4.2.7}{\376\377\000\137\000d\000r\000a\000w\000\137\000b\000o\000t\000t\000o\000m\000\137\000l\000e\000g\000e\000n\000d}{subsection.5.4.2}
\BOOKMARK [3][-]{subsubsection.5.4.2.8}{\376\377\000\137\000d\000r\000a\000w\000\137\000n\000o\000n\000e\000\137\000l\000e\000g\000e\000n\000d}{subsection.5.4.2}
\BOOKMARK [3][-]{subsubsection.5.4.2.9}{\376\377\000\137\000d\000r\000a\000w\000\137\000t\000i\000c\000k\000s}{subsection.5.4.2}
\BOOKMARK [3][-]{subsubsection.5.4.2.10}{\376\377\000\137\000d\000r\000a\000w\000\137\000x\000\137\000t\000i\000c\000k\000s}{subsection.5.4.2}
\BOOKMARK [3][-]{subsubsection.5.4.2.11}{\376\377\000\137\000d\000r\000a\000w\000\137\000y\000\137\000t\000i\000c\000k\000s}{subsection.5.4.2}
\BOOKMARK [3][-]{subsubsection.5.4.2.12}{\376\377\000\137\000s\000u\000b\000\137\000u\000p\000d\000a\000t\000e}{subsection.5.4.2}
\BOOKMARK [3][-]{subsubsection.5.4.2.13}{\376\377\000\137\000b\000o\000u\000n\000d\000a\000r\000y\000\137\000u\000p\000d\000a\000t\000e}{subsection.5.4.2}
\BOOKMARK [3][-]{subsubsection.5.4.2.14}{\376\377\000\137\000d\000r\000a\000w\000\137\000y\000\137\000g\000r\000i\000d\000\137\000l\000i\000n\000e\000s}{subsection.5.4.2}
\BOOKMARK [3][-]{subsubsection.5.4.2.15}{\376\377\000\137\000d\000r\000a\000w\000\137\000y\0002\000\137\000g\000r\000i\000d\000\137\000l\000i\000n\000e\000s}{subsection.5.4.2}
\BOOKMARK [2][-]{subsection.5.4.3}{\376\377\000M\000e\000m\000b\000e\000r\000\040\000D\000a\000t\000a\000\040\000D\000o\000c\000u\000m\000e\000n\000t\000a\000t\000i\000o\000n}{section.5.4}
\BOOKMARK [3][-]{subsubsection.5.4.3.1}{\376\377\000\137\000c\000h\000e\000c\000k\000\137\000d\000a\000t\000a}{subsection.5.4.3}
\BOOKMARK [3][-]{subsubsection.5.4.3.2}{\376\377\000\137\000s\000p\000l\000i\000t\000\137\000d\000a\000t\000a}{subsection.5.4.3}
\BOOKMARK [3][-]{subsubsection.5.4.3.3}{\376\377\000\137\000l\000e\000g\000e\000n\000d\000\137\000e\000x\000a\000m\000p\000l\000e\000\137\000h\000e\000i\000g\000h\000t\000\137\000v\000a\000l\000u\000e\000s}{subsection.5.4.3}
\BOOKMARK [1][-]{section.5.5}{\376\377\000C\000h\000a\000r\000t\000:\000:\000C\000o\000n\000s\000t\000a\000n\000t\000s\000\040\000C\000l\000a\000s\000s\000\040\000R\000e\000f\000e\000r\000e\000n\000c\000e}{chapter.5}
\BOOKMARK [2][-]{subsection.5.5.1}{\376\377\000D\000e\000t\000a\000i\000l\000e\000d\000\040\000D\000e\000s\000c\000r\000i\000p\000t\000i\000o\000n}{section.5.5}
\BOOKMARK [1][-]{section.5.6}{\376\377\000C\000h\000a\000r\000t\000:\000:\000D\000i\000r\000e\000c\000t\000i\000o\000n\000\040\000C\000l\000a\000s\000s\000\040\000R\000e\000f\000e\000r\000e\000n\000c\000e}{chapter.5}
\BOOKMARK [2][-]{subsection.5.6.1}{\376\377\000D\000e\000t\000a\000i\000l\000e\000d\000\040\000D\000e\000s\000c\000r\000i\000p\000t\000i\000o\000n}{section.5.6}
\BOOKMARK [2][-]{subsection.5.6.2}{\376\377\000M\000e\000m\000b\000e\000r\000\040\000F\000u\000n\000c\000t\000i\000o\000n\000\040\000D\000o\000c\000u\000m\000e\000n\000t\000a\000t\000i\000o\000n}{section.5.6}
\BOOKMARK [3][-]{subsubsection.5.6.2.1}{\376\377\000s\000e\000t}{subsection.5.6.2}
\BOOKMARK [3][-]{subsubsection.5.6.2.2}{\376\377\000a\000d\000d\000\137\000d\000a\000t\000a\000s\000e\000t}{subsection.5.6.2}
\BOOKMARK [3][-]{subsubsection.5.6.2.3}{\376\377\000\137\000f\000i\000n\000d\000\137\000y\000\137\000s\000c\000a\000l\000e}{subsection.5.6.2}
\BOOKMARK [3][-]{subsubsection.5.6.2.4}{\376\377\000\137\000c\000a\000l\000c\000T\000i\000c\000k\000I\000n\000t\000e\000r\000v\000a\000l}{subsection.5.6.2}
\BOOKMARK [3][-]{subsubsection.5.6.2.5}{\376\377\000\137\000d\000r\000a\000w\000\137\000y\000\137\000t\000i\000c\000k\000s}{subsection.5.6.2}
\BOOKMARK [3][-]{subsubsection.5.6.2.6}{\376\377\000\137\000d\000r\000a\000w\000\137\000x\000\137\000t\000i\000c\000k\000s}{subsection.5.6.2}
\BOOKMARK [3][-]{subsubsection.5.6.2.7}{\376\377\000\137\000p\000r\000e\000p\000a\000r\000e\000\137\000b\000r\000u\000s\000h}{subsection.5.6.2}
\BOOKMARK [3][-]{subsubsection.5.6.2.8}{\376\377\000\137\000d\000r\000a\000w\000\137\000l\000e\000g\000e\000n\000d}{subsection.5.6.2}
\BOOKMARK [3][-]{subsubsection.5.6.2.9}{\376\377\000\137\000f\000i\000n\000d\000\137\000y\000\137\000r\000a\000n\000g\000e}{subsection.5.6.2}
\BOOKMARK [1][-]{section.5.7}{\376\377\000C\000h\000a\000r\000t\000:\000:\000E\000r\000r\000o\000r\000B\000a\000r\000s\000\040\000C\000l\000a\000s\000s\000\040\000R\000e\000f\000e\000r\000e\000n\000c\000e}{chapter.5}
\BOOKMARK [2][-]{subsection.5.7.1}{\376\377\000D\000e\000t\000a\000i\000l\000e\000d\000\040\000D\000e\000s\000c\000r\000i\000p\000t\000i\000o\000n}{section.5.7}
\BOOKMARK [2][-]{subsection.5.7.2}{\376\377\000M\000e\000m\000b\000e\000r\000\040\000F\000u\000n\000c\000t\000i\000o\000n\000\040\000D\000o\000c\000u\000m\000e\000n\000t\000a\000t\000i\000o\000n}{section.5.7}
\BOOKMARK [3][-]{subsubsection.5.7.2.1}{\376\377\000\137\000f\000i\000n\000d\000\137\000y\000\137\000r\000a\000n\000g\000e}{subsection.5.7.2}
\BOOKMARK [3][-]{subsubsection.5.7.2.2}{\376\377\000\137\000d\000r\000a\000w\000\137\000l\000e\000g\000e\000n\000d}{subsection.5.7.2}
\BOOKMARK [2][-]{subsection.5.7.3}{\376\377\000M\000e\000m\000b\000e\000r\000\040\000D\000a\000t\000a\000\040\000D\000o\000c\000u\000m\000e\000n\000t\000a\000t\000i\000o\000n}{section.5.7}
\BOOKMARK [3][-]{subsubsection.5.7.3.1}{\376\377\000\137\000d\000r\000a\000w\000\137\000d\000a\000t\000a}{subsection.5.7.3}
\BOOKMARK [3][-]{subsubsection.5.7.3.2}{\376\377\000\137\000p\000r\000e\000p\000a\000r\000e\000\137\000b\000r\000u\000s\000h}{subsection.5.7.3}
\BOOKMARK [1][-]{section.5.8}{\376\377\000C\000h\000a\000r\000t\000:\000:\000H\000o\000r\000i\000z\000o\000n\000t\000a\000l\000B\000a\000r\000s\000\040\000C\000l\000a\000s\000s\000\040\000R\000e\000f\000e\000r\000e\000n\000c\000e}{chapter.5}
\BOOKMARK [2][-]{subsection.5.8.1}{\376\377\000D\000e\000t\000a\000i\000l\000e\000d\000\040\000D\000e\000s\000c\000r\000i\000p\000t\000i\000o\000n}{section.5.8}
\BOOKMARK [2][-]{subsection.5.8.2}{\376\377\000M\000e\000m\000b\000e\000r\000\040\000F\000u\000n\000c\000t\000i\000o\000n\000\040\000D\000o\000c\000u\000m\000e\000n\000t\000a\000t\000i\000o\000n}{section.5.8}
\BOOKMARK [3][-]{subsubsection.5.8.2.1}{\376\377\000\137\000d\000r\000a\000w\000\137\000x\000\137\000t\000i\000c\000k\000s}{subsection.5.8.2}
\BOOKMARK [3][-]{subsubsection.5.8.2.2}{\376\377\000\137\000d\000r\000a\000w\000\137\000x\000\137\000t\000i\000c\000k\000s}{subsection.5.8.2}
\BOOKMARK [3][-]{subsubsection.5.8.2.3}{\376\377\000\137\000d\000r\000a\000w\000\137\000y\000\137\000t\000i\000c\000k\000s}{subsection.5.8.2}
\BOOKMARK [3][-]{subsubsection.5.8.2.4}{\376\377\000\137\000f\000i\000n\000d\000\137\000y\000\137\000s\000c\000a\000l\000e}{subsection.5.8.2}
\BOOKMARK [1][-]{section.5.9}{\376\377\000C\000h\000a\000r\000t\000:\000:\000L\000i\000n\000e\000s\000\040\000C\000l\000a\000s\000s\000\040\000R\000e\000f\000e\000r\000e\000n\000c\000e}{chapter.5}
\BOOKMARK [2][-]{subsection.5.9.1}{\376\377\000D\000e\000t\000a\000i\000l\000e\000d\000\040\000D\000e\000s\000c\000r\000i\000p\000t\000i\000o\000n}{section.5.9}
\BOOKMARK [2][-]{subsection.5.9.2}{\376\377\000M\000e\000m\000b\000e\000r\000\040\000F\000u\000n\000c\000t\000i\000o\000n\000\040\000D\000o\000c\000u\000m\000e\000n\000t\000a\000t\000i\000o\000n}{section.5.9}
\BOOKMARK [3][-]{subsubsection.5.9.2.1}{\376\377\000\137\000p\000r\000e\000p\000a\000r\000e\000\137\000b\000r\000u\000s\000h}{subsection.5.9.2}
\BOOKMARK [1][-]{section.5.10}{\376\377\000C\000h\000a\000r\000t\000:\000:\000M\000o\000u\000n\000t\000a\000i\000n\000\040\000C\000l\000a\000s\000s\000\040\000R\000e\000f\000e\000r\000e\000n\000c\000e}{chapter.5}
\BOOKMARK [2][-]{subsection.5.10.1}{\376\377\000D\000e\000t\000a\000i\000l\000e\000d\000\040\000D\000e\000s\000c\000r\000i\000p\000t\000i\000o\000n}{section.5.10}
\BOOKMARK [2][-]{subsection.5.10.2}{\376\377\000M\000e\000m\000b\000e\000r\000\040\000F\000u\000n\000c\000t\000i\000o\000n\000\040\000D\000o\000c\000u\000m\000e\000n\000t\000a\000t\000i\000o\000n}{section.5.10}
\BOOKMARK [3][-]{subsubsection.5.10.2.1}{\376\377\000\137\000f\000i\000n\000d\000\137\000y\000\137\000r\000a\000n\000g\000e}{subsection.5.10.2}
\BOOKMARK [1][-]{section.5.11}{\376\377\000C\000h\000a\000r\000t\000:\000:\000P\000a\000r\000e\000t\000o\000\040\000C\000l\000a\000s\000s\000\040\000R\000e\000f\000e\000r\000e\000n\000c\000e}{chapter.5}
\BOOKMARK [2][-]{subsection.5.11.1}{\376\377\000D\000e\000t\000a\000i\000l\000e\000d\000\040\000D\000e\000s\000c\000r\000i\000p\000t\000i\000o\000n}{section.5.11}
\BOOKMARK [2][-]{subsection.5.11.2}{\376\377\000M\000e\000m\000b\000e\000r\000\040\000D\000a\000t\000a\000\040\000D\000o\000c\000u\000m\000e\000n\000t\000a\000t\000i\000o\000n}{section.5.11}
\BOOKMARK [3][-]{subsubsection.5.11.2.1}{\376\377\000\137\000f\000i\000n\000d\000\137\000y\000\137\000s\000c\000a\000l\000e}{subsection.5.11.2}
\BOOKMARK [1][-]{section.5.12}{\376\377\000C\000h\000a\000r\000t\000:\000:\000P\000i\000e\000\040\000C\000l\000a\000s\000s\000\040\000R\000e\000f\000e\000r\000e\000n\000c\000e}{chapter.5}
\BOOKMARK [2][-]{subsection.5.12.1}{\376\377\000D\000e\000t\000a\000i\000l\000e\000d\000\040\000D\000e\000s\000c\000r\000i\000p\000t\000i\000o\000n}{section.5.12}
\BOOKMARK [2][-]{subsection.5.12.2}{\376\377\000M\000e\000m\000b\000e\000r\000\040\000D\000a\000t\000a\000\040\000D\000o\000c\000u\000m\000e\000n\000t\000a\000t\000i\000o\000n}{section.5.12}
\BOOKMARK [3][-]{subsubsection.5.12.2.1}{\376\377\000\137\000d\000r\000a\000w\000\137\000d\000a\000t\000a}{subsection.5.12.2}
\BOOKMARK [3][-]{subsubsection.5.12.2.2}{\376\377\000\137\000d\000r\000a\000w\000\137\000x\000\137\000t\000i\000c\000k\000s}{subsection.5.12.2}
\BOOKMARK [3][-]{subsubsection.5.12.2.3}{\376\377\000\137\000d\000r\000a\000w\000\137\000y\000\137\000t\000i\000c\000k\000s}{subsection.5.12.2}
\BOOKMARK [3][-]{subsubsection.5.12.2.4}{\376\377\000\137\000f\000i\000n\000d\000\137\000y\000\137\000s\000c\000a\000l\000e}{subsection.5.12.2}
\BOOKMARK [1][-]{section.5.13}{\376\377\000C\000h\000a\000r\000t\000:\000:\000P\000o\000i\000n\000t\000s\000\040\000C\000l\000a\000s\000s\000\040\000R\000e\000f\000e\000r\000e\000n\000c\000e}{chapter.5}
\BOOKMARK [2][-]{subsection.5.13.1}{\376\377\000D\000e\000t\000a\000i\000l\000e\000d\000\040\000D\000e\000s\000c\000r\000i\000p\000t\000i\000o\000n}{section.5.13}
\BOOKMARK [2][-]{subsection.5.13.2}{\376\377\000M\000e\000m\000b\000e\000r\000\040\000D\000a\000t\000a\000\040\000D\000o\000c\000u\000m\000e\000n\000t\000a\000t\000i\000o\000n}{section.5.13}
\BOOKMARK [3][-]{subsubsection.5.13.2.1}{\376\377\000\137\000p\000r\000e\000p\000a\000r\000e\000\137\000b\000r\000u\000s\000h}{subsection.5.13.2}
\BOOKMARK [1][-]{section.5.14}{\376\377\000C\000h\000a\000r\000t\000:\000:\000S\000p\000l\000i\000t\000\040\000C\000l\000a\000s\000s\000\040\000R\000e\000f\000e\000r\000e\000n\000c\000e}{chapter.5}
\BOOKMARK [2][-]{subsection.5.14.1}{\376\377\000D\000e\000t\000a\000i\000l\000e\000d\000\040\000D\000e\000s\000c\000r\000i\000p\000t\000i\000o\000n}{section.5.14}
\BOOKMARK [1][-]{section.5.15}{\376\377\000C\000h\000a\000r\000t\000:\000:\000S\000t\000a\000c\000k\000e\000d\000B\000a\000r\000s\000\040\000C\000l\000a\000s\000s\000\040\000R\000e\000f\000e\000r\000e\000n\000c\000e}{chapter.5}
\BOOKMARK [2][-]{subsection.5.15.1}{\376\377\000D\000e\000t\000a\000i\000l\000e\000d\000\040\000D\000e\000s\000c\000r\000i\000p\000t\000i\000o\000n}{section.5.15}
\BOOKMARK [0][-]{chapter.6}{\376\377\000F\000i\000l\000e\000\040\000D\000o\000c\000u\000m\000e\000n\000t\000a\000t\000i\000o\000n}{}
\BOOKMARK [1][-]{section.6.1}{\376\377\000C\000h\000a\000r\000t\000/\000B\000a\000r\000s\000.\000p\000m\000\040\000F\000i\000l\000e\000\040\000R\000e\000f\000e\000r\000e\000n\000c\000e}{chapter.6}
\BOOKMARK [2][-]{subsection.6.1.1}{\376\377\000D\000e\000t\000a\000i\000l\000e\000d\000\040\000D\000e\000s\000c\000r\000i\000p\000t\000i\000o\000n}{section.6.1}
\BOOKMARK [1][-]{section.6.2}{\376\377\000C\000h\000a\000r\000t\000/\000B\000a\000s\000e\000.\000p\000m\000\040\000F\000i\000l\000e\000\040\000R\000e\000f\000e\000r\000e\000n\000c\000e}{chapter.6}
\BOOKMARK [2][-]{subsection.6.2.1}{\376\377\000D\000e\000t\000a\000i\000l\000e\000d\000\040\000D\000e\000s\000c\000r\000i\000p\000t\000i\000o\000n}{section.6.2}
\BOOKMARK [1][-]{section.6.3}{\376\377\000C\000h\000a\000r\000t\000/\000B\000r\000u\000s\000h\000S\000t\000y\000l\000e\000s\000.\000p\000m\000\040\000F\000i\000l\000e\000\040\000R\000e\000f\000e\000r\000e\000n\000c\000e}{chapter.6}
\BOOKMARK [2][-]{subsection.6.3.1}{\376\377\000D\000e\000t\000a\000i\000l\000e\000d\000\040\000D\000e\000s\000c\000r\000i\000p\000t\000i\000o\000n}{section.6.3}
\BOOKMARK [1][-]{section.6.4}{\376\377\000C\000h\000a\000r\000t\000/\000C\000o\000m\000p\000o\000s\000i\000t\000e\000.\000p\000m\000\040\000F\000i\000l\000e\000\040\000R\000e\000f\000e\000r\000e\000n\000c\000e}{chapter.6}
\BOOKMARK [2][-]{subsection.6.4.1}{\376\377\000D\000e\000t\000a\000i\000l\000e\000d\000\040\000D\000e\000s\000c\000r\000i\000p\000t\000i\000o\000n}{section.6.4}
\BOOKMARK [1][-]{section.6.5}{\376\377\000C\000h\000a\000r\000t\000/\000C\000o\000n\000s\000t\000a\000n\000t\000s\000.\000p\000m\000\040\000F\000i\000l\000e\000\040\000R\000e\000f\000e\000r\000e\000n\000c\000e}{chapter.6}
\BOOKMARK [2][-]{subsection.6.5.1}{\376\377\000D\000e\000t\000a\000i\000l\000e\000d\000\040\000D\000e\000s\000c\000r\000i\000p\000t\000i\000o\000n}{section.6.5}
\BOOKMARK [1][-]{section.6.6}{\376\377\000C\000h\000a\000r\000t\000/\000D\000i\000r\000e\000c\000t\000i\000o\000n\000.\000p\000m\000\040\000F\000i\000l\000e\000\040\000R\000e\000f\000e\000r\000e\000n\000c\000e}{chapter.6}
\BOOKMARK [2][-]{subsection.6.6.1}{\376\377\000D\000e\000t\000a\000i\000l\000e\000d\000\040\000D\000e\000s\000c\000r\000i\000p\000t\000i\000o\000n}{section.6.6}
\BOOKMARK [1][-]{section.6.7}{\376\377\000C\000h\000a\000r\000t\000/\000E\000r\000r\000o\000r\000B\000a\000r\000s\000.\000p\000m\000\040\000F\000i\000l\000e\000\040\000R\000e\000f\000e\000r\000e\000n\000c\000e}{chapter.6}
\BOOKMARK [2][-]{subsection.6.7.1}{\376\377\000D\000e\000t\000a\000i\000l\000e\000d\000\040\000D\000e\000s\000c\000r\000i\000p\000t\000i\000o\000n}{section.6.7}
\BOOKMARK [1][-]{section.6.8}{\376\377\000C\000h\000a\000r\000t\000/\000H\000o\000r\000i\000z\000o\000n\000t\000a\000l\000B\000a\000r\000s\000.\000p\000m\000\040\000F\000i\000l\000e\000\040\000R\000e\000f\000e\000r\000e\000n\000c\000e}{chapter.6}
\BOOKMARK [2][-]{subsection.6.8.1}{\376\377\000D\000e\000t\000a\000i\000l\000e\000d\000\040\000D\000e\000s\000c\000r\000i\000p\000t\000i\000o\000n}{section.6.8}
\BOOKMARK [1][-]{section.6.9}{\376\377\000C\000h\000a\000r\000t\000/\000L\000i\000n\000e\000s\000.\000p\000m\000\040\000F\000i\000l\000e\000\040\000R\000e\000f\000e\000r\000e\000n\000c\000e}{chapter.6}
\BOOKMARK [2][-]{subsection.6.9.1}{\376\377\000D\000e\000t\000a\000i\000l\000e\000d\000\040\000D\000e\000s\000c\000r\000i\000p\000t\000i\000o\000n}{section.6.9}
\BOOKMARK [1][-]{section.6.10}{\376\377\000C\000h\000a\000r\000t\000/\000L\000i\000n\000e\000s\000P\000o\000i\000n\000t\000s\000.\000p\000m\000\040\000F\000i\000l\000e\000\040\000R\000e\000f\000e\000r\000e\000n\000c\000e}{chapter.6}
\BOOKMARK [2][-]{subsection.6.10.1}{\376\377\000D\000e\000t\000a\000i\000l\000e\000d\000\040\000D\000e\000s\000c\000r\000i\000p\000t\000i\000o\000n}{section.6.10}
\BOOKMARK [1][-]{section.6.11}{\376\377\000C\000h\000a\000r\000t\000/\000M\000o\000u\000n\000t\000a\000i\000n\000.\000p\000m\000\040\000F\000i\000l\000e\000\040\000R\000e\000f\000e\000r\000e\000n\000c\000e}{chapter.6}
\BOOKMARK [2][-]{subsection.6.11.1}{\376\377\000D\000e\000t\000a\000i\000l\000e\000d\000\040\000D\000e\000s\000c\000r\000i\000p\000t\000i\000o\000n}{section.6.11}
\BOOKMARK [1][-]{section.6.12}{\376\377\000C\000h\000a\000r\000t\000/\000P\000a\000r\000e\000t\000o\000.\000p\000m\000\040\000F\000i\000l\000e\000\040\000R\000e\000f\000e\000r\000e\000n\000c\000e}{chapter.6}
\BOOKMARK [2][-]{subsection.6.12.1}{\376\377\000D\000e\000t\000a\000i\000l\000e\000d\000\040\000D\000e\000s\000c\000r\000i\000p\000t\000i\000o\000n}{section.6.12}
\BOOKMARK [1][-]{section.6.13}{\376\377\000C\000h\000a\000r\000t\000/\000P\000i\000e\000.\000p\000m\000\040\000F\000i\000l\000e\000\040\000R\000e\000f\000e\000r\000e\000n\000c\000e}{chapter.6}
\BOOKMARK [2][-]{subsection.6.13.1}{\376\377\000D\000e\000t\000a\000i\000l\000e\000d\000\040\000D\000e\000s\000c\000r\000i\000p\000t\000i\000o\000n}{section.6.13}
\BOOKMARK [1][-]{section.6.14}{\376\377\000C\000h\000a\000r\000t\000/\000P\000o\000i\000n\000t\000s\000.\000p\000m\000\040\000F\000i\000l\000e\000\040\000R\000e\000f\000e\000r\000e\000n\000c\000e}{chapter.6}
\BOOKMARK [2][-]{subsection.6.14.1}{\376\377\000D\000e\000t\000a\000i\000l\000e\000d\000\040\000D\000e\000s\000c\000r\000i\000p\000t\000i\000o\000n}{section.6.14}
\BOOKMARK [1][-]{section.6.15}{\376\377\000C\000h\000a\000r\000t\000/\000S\000p\000l\000i\000t\000.\000p\000m\000\040\000F\000i\000l\000e\000\040\000R\000e\000f\000e\000r\000e\000n\000c\000e}{chapter.6}
\BOOKMARK [2][-]{subsection.6.15.1}{\376\377\000D\000e\000t\000a\000i\000l\000e\000d\000\040\000D\000e\000s\000c\000r\000i\000p\000t\000i\000o\000n}{section.6.15}
\BOOKMARK [1][-]{section.6.16}{\376\377\000C\000h\000a\000r\000t\000/\000S\000t\000a\000c\000k\000e\000d\000B\000a\000r\000s\000.\000p\000m\000\040\000F\000i\000l\000e\000\040\000R\000e\000f\000e\000r\000e\000n\000c\000e}{chapter.6}
\BOOKMARK [2][-]{subsection.6.16.1}{\376\377\000D\000e\000t\000a\000i\000l\000e\000d\000\040\000D\000e\000s\000c\000r\000i\000p\000t\000i\000o\000n}{section.6.16}
