This is pdfTeX, Version 3.14159-1.00c-pretest-20020426 (MiKTeX 2.2) (preloaded format=latex 2000.11.28)  20 DEC 2002 08:45
**C:/Dokumente*und*Einstellungen/mbrandl/Eigene*Dateien/Documentation/Documenta
tion.tex

(C:/Dokumente und Einstellungen/mbrandl/Eigene Dateien/Documentation/Documentat
ion.tex{pdftex.cfg}
LaTeX2e <2001/06/01>
Babel <v3.7h> and hyphenation patterns for english, french, german, ngerman, du
mylang, nohyphenation, loaded.
(C:\texmf\tex\latex\base\article.cls
Document Class: article 2001/04/21 v1.4e Standard LaTeX document class
(C:\texmf\tex\latex\base\size11.clo
File: size11.clo 2001/04/21 v1.4e Standard LaTeX file (size option)
)
\c@part=\count79
\c@section=\count80
\c@subsection=\count81
\c@subsubsection=\count82
\c@paragraph=\count83
\c@subparagraph=\count84
\c@figure=\count85
\c@table=\count86
\abovecaptionskip=\skip41
\belowcaptionskip=\skip42
\bibindent=\dimen102
) (C:\texmf\tex\latex\ntgclass\a4.sty
Package: a4 1999/03/03 v1.2f A4 based page layout
)
(C:\texmf\tex\latex\base\inputenc.sty
Package: inputenc 2001/07/10 v0.99a Input encoding file 
 (C:\texmf\tex\latex\base\latin1.def
File: latin1.def 2001/07/10 v0.99a Input encoding file 
))
(C:\texmf\tex\latex\base\fontenc.sty
Package: fontenc 2001/06/05 v1.94 Standard LaTeX package
 (C:\texmf\tex\latex\base\t1enc.def
File: t1enc.def 2001/06/05 v1.94 Standard LaTeX file
LaTeX Font Info:    Redeclaring font encoding T1 on input line 38.
))
(C:\texmf\tex\latex\graphics\graphicx.sty
Package: graphicx 1999/02/16 v1.0f Enhanced LaTeX Graphics (DPC,SPQR)

(C:\texmf\tex\latex\graphics\keyval.sty
Package: keyval 1999/03/16 v1.13 key=value parser (DPC)
\KV@toks@=\toks14
)
(C:\texmf\tex\latex\graphics\graphics.sty
Package: graphics 2001/07/07 v1.0n Standard LaTeX Graphics (DPC,SPQR)
 (C:\texmf\tex\latex\graphics\trig.sty
Package: trig 1999/03/16 v1.09 sin cos tan (DPC)
) (C:\texmf\tex\latex\00miktex\graphics.cfg)
Package graphics Info: Driver file: pdftex.def on input line 80.

(C:\texmf\tex\latex\graphics\pdftex.def
File: pdftex.def 2001/11/29 v0.03i graphics/color for pdftex
\Gread@gobject=\count87
))
\Gin@req@height=\dimen103
\Gin@req@width=\dimen104
) (C:\texmf\tex\latex\base\makeidx.sty
Package: makeidx 2000/03/29 v1.0m Standard LaTeX package
)
\@indexfile=\write3

Writing index file Documentation.idx
(Documentation.aux (description.aux) (base.aux) (bars.aux) (composite.aux)
(direction.aux) (error.aux) (hbars.aux) (lines.aux) (linespoints.aux)
(mountain.aux) (pareto.aux) (pie.aux) (points.aux) (split.aux) (stacked.aux))
LaTeX Font Info:    Checking defaults for OML/cmm/m/it on input line 37.
LaTeX Font Info:    ... okay on input line 37.
LaTeX Font Info:    Checking defaults for T1/cmr/m/n on input line 37.
LaTeX Font Info:    ... okay on input line 37.
LaTeX Font Info:    Checking defaults for OT1/cmr/m/n on input line 37.
LaTeX Font Info:    ... okay on input line 37.
LaTeX Font Info:    Checking defaults for OMS/cmsy/m/n on input line 37.
LaTeX Font Info:    ... okay on input line 37.
LaTeX Font Info:    Checking defaults for OMX/cmex/m/n on input line 37.
LaTeX Font Info:    ... okay on input line 37.
LaTeX Font Info:    Checking defaults for U/cmr/m/n on input line 37.
LaTeX Font Info:    ... okay on input line 37.

(C:\texmf\tex\context\base\supp-pdf.tex (C:\texmf\tex\context\base\supp-mis.tex
loading : Context Support Macros / Missing
\protectiondepth=\count88
\scratchcounter=\count89
\scratchdimen=\dimen105
\scratchskip=\skip43
\scratchmuskip=\muskip10
\scratchbox=\box26
\scratchread=\read1
\scratchwrite=\write4
\nextbox=\box27
\nextdepth=\dimen106
\everyline=\toks15
\!!counta=\count90
\!!countb=\count91
\recursecounter=\count92
)
loading : Context Support Macros / PDF
\nofMPsegments=\count93
\nofMParguments=\count94
)
LaTeX Font Info:    Try loading font information for T1+cmtt on input line 39.
 (C:\texmf\tex\latex\base\t1cmtt.fd
File: t1cmtt.fd 1999/05/25 v2.5h Standard LaTeX font definitions
) (Documentation.toc)
\tf@toc=\write5
 [1

{psfonts.map}]
(description.tex [2

] <Aufbau.png, id=13, 522.95375pt x 272.01625pt>
File: Aufbau.png Graphic file (type png)

<use Aufbau.png> <../latex/Bericht/Elemente.png, id=14, 513.92pt x 385.44pt>
File: ../latex/Bericht/Elemente.png Graphic file (type png)

<use ../latex/Bericht/Elemente.png> [3

 <Aufbau.png> <../latex/Bericht/Elemente.png>])
Underfull \hbox (badness 10000) in paragraph at lines 57--42

 []

[4] (base.tex
LaTeX Font Info:    External font `cmex10' loaded for size
(Font)              <10.95> on input line 2.
LaTeX Font Info:    External font `cmex10' loaded for size
(Font)              <8> on input line 2.
LaTeX Font Info:    External font `cmex10' loaded for size
(Font)              <6> on input line 2.

Underfull \hbox (badness 10000) in paragraph at lines 2--121

 []


Underfull \hbox (badness 10000) in paragraph at lines 2--121

 []


Underfull \hbox (badness 10000) in paragraph at lines 2--121

 []


Underfull \hbox (badness 10000) in paragraph at lines 2--121

 []


Underfull \hbox (badness 10000) in paragraph at lines 2--121

 []


Underfull \hbox (badness 10000) in paragraph at lines 2--121

 []


Underfull \hbox (badness 10000) in paragraph at lines 2--121

 []


Underfull \hbox (badness 10000) in paragraph at lines 2--121

 []


Underfull \hbox (badness 10000) in paragraph at lines 2--121

 []


Underfull \hbox (badness 10000) in paragraph at lines 2--121

 []


Underfull \hbox (badness 10000) in paragraph at lines 2--121

 []


Underfull \hbox (badness 10000) in paragraph at lines 2--121

 []


Underfull \hbox (badness 10000) in paragraph at lines 2--121

 []


Underfull \hbox (badness 10000) in paragraph at lines 2--121

 []


Underfull \hbox (badness 10000) in paragraph at lines 2--121

 []


Underfull \hbox (badness 10000) in paragraph at lines 2--121

 []


Underfull \hbox (badness 10000) in paragraph at lines 2--121

 []


Underfull \hbox (badness 10000) in paragraph at lines 2--121

 []


Underfull \hbox (badness 10000) in paragraph at lines 2--121

 []


Underfull \hbox (badness 10000) in paragraph at lines 2--121

 []


Underfull \hbox (badness 10000) in paragraph at lines 2--121

 []


Underfull \hbox (badness 10000) in paragraph at lines 2--121

 []


Underfull \hbox (badness 10000) in paragraph at lines 2--121

 []


Underfull \hbox (badness 10000) in paragraph at lines 2--121

 []


Underfull \hbox (badness 10000) in paragraph at lines 2--121

 []


Underfull \hbox (badness 10000) in paragraph at lines 2--121

 []


Underfull \hbox (badness 10000) in paragraph at lines 2--121

 []


Underfull \hbox (badness 10000) in paragraph at lines 2--121

 []


Underfull \hbox (badness 10000) in paragraph at lines 2--121

 []


Underfull \hbox (badness 10000) in paragraph at lines 2--121

 []


Underfull \hbox (badness 10000) in paragraph at lines 2--121

 []


Underfull \hbox (badness 10000) in paragraph at lines 2--121

 []


Underfull \hbox (badness 10000) in paragraph at lines 2--121

 []


Underfull \hbox (badness 10000) in paragraph at lines 2--121

 []


Underfull \hbox (badness 10000) in paragraph at lines 2--121

 []


Underfull \hbox (badness 10000) in paragraph at lines 2--121

 []


Underfull \hbox (badness 10000) in paragraph at lines 2--121

 []


Underfull \hbox (badness 10000) in paragraph at lines 2--121

 []


Underfull \hbox (badness 10000) in paragraph at lines 2--121

 []


Underfull \hbox (badness 10000) in paragraph at lines 2--121

 []


Underfull \hbox (badness 10000) in paragraph at lines 2--121

 []


Underfull \hbox (badness 10000) in paragraph at lines 2--121

 []


Underfull \hbox (badness 10000) in paragraph at lines 2--121

 []


Underfull \hbox (badness 10000) in paragraph at lines 2--121

 []


Underfull \hbox (badness 10000) in paragraph at lines 2--121

 []


Underfull \hbox (badness 10000) in paragraph at lines 2--121

 []


Underfull \hbox (badness 10000) in paragraph at lines 2--121

 []


Underfull \hbox (badness 10000) in paragraph at lines 2--121

 []

[5


] [6] [7] [8]
Underfull \hbox (badness 10000) in paragraph at lines 131--137

 []


Underfull \hbox (badness 10000) in paragraph at lines 131--137

 []


Underfull \hbox (badness 10000) in paragraph at lines 140--143

 []


Overfull \hbox (32.99042pt too wide) in paragraph at lines 140--143
/ecrm1095/The value for 'max_y_ticks' should be at least 5 times larger than 'm
in_y_ticks'. 
 []


Overfull \hbox (41.55951pt too wide) in paragraph at lines 143--144
[]/ecrm1095/Works sim-i-lar as 'max_y_ticks' and 'min_y_ticks'.
 []

[9]
Underfull \hbox (badness 10000) in paragraph at lines 148--155

 []


Underfull \hbox (badness 10000) in paragraph at lines 148--155

 []


Underfull \hbox (badness 10000) in paragraph at lines 148--155

 []


Underfull \hbox (badness 10000) in paragraph at lines 155--158

 []


Underfull \hbox (badness 10000) in paragraph at lines 160--165

 []


Underfull \hbox (badness 10000) in paragraph at lines 160--165

 []

[10]
Underfull \hbox (badness 10000) in paragraph at lines 166--186

 []


Underfull \hbox (badness 10000) in paragraph at lines 166--186

 []


Underfull \hbox (badness 10000) in paragraph at lines 166--186

 []


Underfull \hbox (badness 10000) in paragraph at lines 166--186

 []


Overfull \hbox (6.6852pt too wide) in paragraph at lines 166--186
/ecrm1095/The col-ors for 'dataset8' through 'dataset15' be-come the col-ors fo
r 'dataset0'
 []

[11]) [12] (bars.tex <d_bars.png, id=51, 602.25pt x 501.875pt>
File: d_bars.png Graphic file (type png)

<use d_bars.png>
Underfull \hbox (badness 10000) in paragraph at lines 2--16

 []


Underfull \hbox (badness 10000) in paragraph at lines 2--16

 []


Underfull \hbox (badness 10000) in paragraph at lines 2--16

 []


Underfull \hbox (badness 10000) in paragraph at lines 2--16

 []

[13


 <d_bars.png>]
Overfull \hbox (25.94057pt too wide) in paragraph at lines 56--56
[]         /ectt1095/'legend_labels' => ['January' , 'February' , 'March', 'Apr
il',[] 
 []


Overfull \hbox (42.91568pt too wide) in paragraph at lines 56--56
[]                             /ectt1095/'May', 'June', 'July', 'August', 'Sept
ember',[] 
 []


Underfull \hbox (badness 10000) in paragraph at lines 57--66

 []


Underfull \hbox (badness 10000) in paragraph at lines 57--66

 []


Underfull \hbox (badness 10000) in paragraph at lines 57--66

 []

) [14] (composite.tex <composite.png, id=60, 401.5pt x 301.125pt>
File: composite.png Graphic file (type png)

<use composite.png>
Underfull \hbox (badness 10000) in paragraph at lines 2--16

 []


Underfull \hbox (badness 10000) in paragraph at lines 2--16

 []


Underfull \hbox (badness 10000) in paragraph at lines 2--16

 []


Underfull \hbox (badness 10000) in paragraph at lines 2--16

 []

[15


 <composite.png>]
Underfull \hbox (badness 10000) in paragraph at lines 33--42

 []


Underfull \hbox (badness 10000) in paragraph at lines 33--42

 []


Underfull \hbox (badness 10000) in paragraph at lines 33--42

 []


Underfull \hbox (badness 10000) in paragraph at lines 43--49

 []


Underfull \hbox (badness 10000) in paragraph at lines 43--49

 []

) [16] (direction.tex <ort.png, id=68, 501.875pt x 501.875pt>
File: ort.png Graphic file (type png)
 <use ort.png>
Underfull \hbox (badness 10000) in paragraph at lines 2--18

 []


Underfull \hbox (badness 10000) in paragraph at lines 2--18

 []


Underfull \hbox (badness 10000) in paragraph at lines 2--18

 []


Underfull \hbox (badness 10000) in paragraph at lines 2--18

 []

[17


 <ort.png>]
Underfull \hbox (badness 10000) in paragraph at lines 34--43

 []


Underfull \hbox (badness 10000) in paragraph at lines 34--43

 []


Underfull \hbox (badness 10000) in paragraph at lines 34--43

 []


Overfull \hbox (19.08792pt too wide) in paragraph at lines 51--53
/ecrm1095/The value for 'max_circles' should be at least 5 times larger than 'm
in_circles'. 
 []

) [18] (error.tex <error.png, id=76, 401.5pt x 301.125pt>
File: error.png Graphic file (type png)
 <use error.png>
Underfull \hbox (badness 10000) in paragraph at lines 2--19

 []


Underfull \hbox (badness 10000) in paragraph at lines 2--19

 []


Underfull \hbox (badness 10000) in paragraph at lines 2--19

 []


Underfull \hbox (badness 10000) in paragraph at lines 2--19

 []


Overfull \hbox (14.62383pt too wide) in paragraph at lines 44--44
[]/ectt1095/$g->add_dataset(qw(1   1.1  1.2  1.3  1.4  1.5  1.6  1.7  1.8  1.9 
 2[] 
 []


Overfull \hbox (25.94057pt too wide) in paragraph at lines 44--44
[]/ectt1095/$g->add_dataset(qw(1   1.1  1.2  1.1  1.14 1.15 1.26 1.2  1.1  1.19
 1.2[] 
 []

[19


 <error.png>]
Overfull \hbox (25.94057pt too wide) in paragraph at lines 44--44
[]/ectt1095/$g->add_dataset(qw(0.4 0.1  0.2  0.1  0.14 0.15 0.26 0.27 0.1  0.19
 0.2[] 
 []


Overfull \hbox (25.94057pt too wide) in paragraph at lines 44--44
[]/ectt1095/$g->add_dataset(qw(0.2 0.11 0.12 0.11 0.2  0.3  0.12 0.27 0.11 0.3 
 0.2[] 
 []


Underfull \hbox (badness 10000) in paragraph at lines 45--54

 []


Underfull \hbox (badness 10000) in paragraph at lines 45--54

 []


Underfull \hbox (badness 10000) in paragraph at lines 45--54

 []

) [20] (hbars.tex <d_hbars4.png, id=85, 401.5pt x 301.125pt>
File: d_hbars4.png Graphic file (type png)

<use d_hbars4.png>
Underfull \hbox (badness 10000) in paragraph at lines 2--16

 []


Underfull \hbox (badness 10000) in paragraph at lines 2--16

 []


Underfull \hbox (badness 10000) in paragraph at lines 2--16

 []


Underfull \hbox (badness 10000) in paragraph at lines 2--16

 []

[21


 <d_hbars4.png>]
Underfull \hbox (badness 10000) in paragraph at lines 35--44

 []


Underfull \hbox (badness 10000) in paragraph at lines 35--44

 []


Underfull \hbox (badness 10000) in paragraph at lines 35--44

 []

) [22] (lines.tex <d_lines2.png, id=93, 401.5pt x 301.125pt>
File: d_lines2.png Graphic file (type png)

<use d_lines2.png>
Underfull \hbox (badness 10000) in paragraph at lines 2--16

 []


Underfull \hbox (badness 10000) in paragraph at lines 2--16

 []


Underfull \hbox (badness 10000) in paragraph at lines 2--16

 []


Underfull \hbox (badness 10000) in paragraph at lines 2--16

 []

[23


 <d_lines2.png>]
Underfull \hbox (badness 10000) in paragraph at lines 47--56

 []


Underfull \hbox (badness 10000) in paragraph at lines 47--56

 []


Underfull \hbox (badness 10000) in paragraph at lines 47--56

 []


Underfull \hbox (badness 10000) in paragraph at lines 47--56

 []

) [24] (linespoints.tex <d_linesp2.png, id=101, 602.25pt x 301.125pt>
File: d_linesp2.png Graphic file (type png)

<use d_linesp2.png>
Underfull \hbox (badness 10000) in paragraph at lines 2--16

 []


Underfull \hbox (badness 10000) in paragraph at lines 2--16

 []


Underfull \hbox (badness 10000) in paragraph at lines 2--16

 []


Underfull \hbox (badness 10000) in paragraph at lines 2--16

 []

[25


 <d_linesp2.png>]
Overfull \hbox (54.23242pt too wide) in paragraph at lines 57--57
[]                              /ectt1095/'Houston Spacecats', 'Washington Pres
idents'],[] 
 []


Underfull \hbox (badness 10000) in paragraph at lines 58--67

 []


Underfull \hbox (badness 10000) in paragraph at lines 58--67

 []


Underfull \hbox (badness 10000) in paragraph at lines 58--67

 []

[26]) [27] (mountain.tex <mountain.png, id=113, 401.5pt x 301.125pt>
File: mountain.png Graphic file (type png)

<use mountain.png>
Underfull \hbox (badness 10000) in paragraph at lines 2--16

 []


Underfull \hbox (badness 10000) in paragraph at lines 2--16

 []


Underfull \hbox (badness 10000) in paragraph at lines 2--16

 []


Underfull \hbox (badness 10000) in paragraph at lines 2--16

 []


Underfull \hbox (badness 10000) in paragraph at lines 33--42

 []


Underfull \hbox (badness 10000) in paragraph at lines 33--42

 []


Underfull \hbox (badness 10000) in paragraph at lines 33--42

 []

[28


 <mountain.png>]) [29] (pareto.tex
<d_pareto2.png, id=121, 501.875pt x 401.5pt>
File: d_pareto2.png Graphic file (type png)
 <use d_pareto2.png>
Underfull \hbox (badness 10000) in paragraph at lines 2--16

 []


Underfull \hbox (badness 10000) in paragraph at lines 2--16

 []


Underfull \hbox (badness 10000) in paragraph at lines 2--16

 []


Underfull \hbox (badness 10000) in paragraph at lines 2--16

 []


Overfull \hbox (54.23242pt too wide) in paragraph at lines 41--41
[]/ectt1095/$g->add_dataset ('1st week', '2nd week', '3rd week', '4th week', '5
th week',[] 
 []


Overfull \hbox (65.54916pt too wide) in paragraph at lines 41--41
[]                 /ectt1095/'6th week', '7th week', '8th week', '9th week', '1
0th week');[] 
 []

[30


 <d_pareto2.png>]
Underfull \hbox (badness 10000) in paragraph at lines 42--51

 []


Underfull \hbox (badness 10000) in paragraph at lines 42--51

 []


Underfull \hbox (badness 10000) in paragraph at lines 42--51

 []

) [31] (pie.tex <d_pie3.png, id=130, 401.5pt x 301.125pt>
File: d_pie3.png Graphic file (type png)
 <use d_pie3.png>
Underfull \hbox (badness 10000) in paragraph at lines 2--16

 []


Underfull \hbox (badness 10000) in paragraph at lines 2--16

 []


Underfull \hbox (badness 10000) in paragraph at lines 2--16

 []


Underfull \hbox (badness 10000) in paragraph at lines 2--16

 []

[32


 <d_pie3.png>]
Underfull \hbox (badness 10000) in paragraph at lines 47--56

 []


Underfull \hbox (badness 10000) in paragraph at lines 47--56

 []


Underfull \hbox (badness 10000) in paragraph at lines 47--56

 []

) [33] (points.tex <points.png, id=138, 401.5pt x 301.125pt>
File: points.png Graphic file (type png)
 <use points.png>
Underfull \hbox (badness 10000) in paragraph at lines 2--16

 []


Underfull \hbox (badness 10000) in paragraph at lines 2--16

 []


Underfull \hbox (badness 10000) in paragraph at lines 2--16

 []


Underfull \hbox (badness 10000) in paragraph at lines 2--16

 []

[34


 <points.png>]
Underfull \hbox (badness 10000) in paragraph at lines 38--47

 []


Underfull \hbox (badness 10000) in paragraph at lines 38--47

 []


Underfull \hbox (badness 10000) in paragraph at lines 38--47

 []

) [35] (split.tex <stunde.png, id=146, 652.4375pt x 903.375pt>
File: stunde.png Graphic file (type png)

<use stunde.png>
Underfull \hbox (badness 10000) in paragraph at lines 2--20

 []


Underfull \hbox (badness 10000) in paragraph at lines 2--20

 []


Underfull \hbox (badness 10000) in paragraph at lines 2--20

 []


Underfull \hbox (badness 10000) in paragraph at lines 2--20

 []

[36


 <stunde.png>]
Underfull \hbox (badness 10000) in paragraph at lines 52--61

 []


Underfull \hbox (badness 10000) in paragraph at lines 52--61

 []


Underfull \hbox (badness 10000) in paragraph at lines 52--61

 []

[37]) [38] (stacked.tex <stackedbars.png, id=158, 401.5pt x 301.125pt>
File: stackedbars.png Graphic file (type png)

<use stackedbars.png>
Underfull \hbox (badness 10000) in paragraph at lines 2--16

 []


Underfull \hbox (badness 10000) in paragraph at lines 2--16

 []


Underfull \hbox (badness 10000) in paragraph at lines 2--16

 []


Underfull \hbox (badness 10000) in paragraph at lines 2--16

 []


Underfull \hbox (badness 10000) in paragraph at lines 32--41

 []


Underfull \hbox (badness 10000) in paragraph at lines 32--41

 []


Underfull \hbox (badness 10000) in paragraph at lines 32--41

 []

[39


 <stackedbars.png>]) [40] (Documentation.lof)
\tf@lof=\write6
 [41

] (Documentation.aux
(description.aux) (base.aux) (bars.aux) (composite.aux) (direction.aux)
(error.aux) (hbars.aux) (lines.aux) (linespoints.aux) (mountain.aux)
(pareto.aux) (pie.aux) (points.aux) (split.aux) (stacked.aux))

LaTeX Warning: Label(s) may have changed. Rerun to get cross-references right.

 )<cmsy10.pfb> <C:\localtexmf\fonts\pk\ljfour\jknappen\ec\dpi600\ecbx1200.pk> <
C:\localtexmf\fonts\pk\ljfour\jknappen\ec\dpi600\ecti1095.pk> <C:\localtexmf\fo
nts\pk\ljfour\jknappen\ec\dpi600\ectt1095.pk> <C:\localtexmf\fonts\pk\ljfour\jk
nappen\ec\dpi600\ecti1200.pk> <C:\localtexmf\fonts\pk\ljfour\jknappen\ec\dpi600
\ecrm1095.pk> <C:\localtexmf\fonts\pk\ljfour\jknappen\ec\dpi600\ecbx1095.pk> <C
:\localtexmf\fonts\pk\ljfour\jknappen\ec\dpi600\ecbx1440.pk>
Output written on Documentation.pdf (41 pages, 239696 bytes).
